<?xml version="1.0" encoding="UTF-8"?>
<!-- Generated by org.testng.reporters.JUnitXMLReporter -->
<testsuite ignored="0" hostname="DESKTOP-SSHCSEN" failures="0" tests="3" name="crossbroser" time="0.064" errors="0" timestamp="2024-07-23T18:38:54 IST">
  <testcase classname="crossBrowserTesting.CrossBrowsing" name="@BeforeTest openBrowser" time="-1.721740134013E9">
    <failure type="org.testng.TestNGException" message="
Parameter &amp;apos;browser&amp;apos; is required by BeforeTest on method openBrowser but has not been marked @Optional or defined
in C:\Users\licious.DESKTOP-SSHCSEN\eclipse-workspace\Automation\testng.xml">
      <![CDATA[org.testng.TestNGException: 
Parameter 'browser' is required by BeforeTest on method openBrowser but has not been marked @Optional or defined
in C:\Users\licious.DESKTOP-SSHCSEN\eclipse-workspace\Automation\testng.xml
... Removed 21 stack frames]]>
    </failure>
  </testcase> <!-- @BeforeTest openBrowser -->
  <testcase classname="crossBrowserTesting.CrossBrowsing" name="@AfterTest aftertest" time="-1.721740134072E9">
    <skipped/>
  </testcase> <!-- @AfterTest aftertest -->
  <testcase classname="crossBrowserTesting.CrossBrowsing" name="edge" time="0.0">
    <skipped/>
  </testcase> <!-- edge -->
  <testcase classname="crossBrowserTesting.CrossBrowsing" name="firefox" time="0.0">
    <skipped/>
  </testcase> <!-- firefox -->
  <testcase classname="crossBrowserTesting.CrossBrowsing" name="google" time="0.0">
    <skipped/>
  </testcase> <!-- google -->
</testsuite> <!-- crossbroser -->
